<?xml version="1.0" encoding="UTF-8"?>
<!-- Generated by org.testng.reporters.JUnitReportReporter -->
<testsuite skipped="0" hostname="DESKTOP-V4DK160" name="KTCTC.regression.WebTablesTest2" tests="6" failures="0" timestamp="2022-03-16T22:05:39 IST" time="16.136" errors="0">
  <testcase name="verifyUserCanNavigateToWebTablesPage" time="0.584" classname="KTCTC.regression.WebTablesTest2"/>
  <system-out/>
  <testcase name="verifyNewUserCanBeAddedOnWebTablePage" time="1.837" classname="KTCTC.regression.WebTablesTest2"/>
  <system-out/>
  <testcase name="verifyAllDetailsOfNewlyAddedUser" time="0.531" classname="KTCTC.regression.WebTablesTest2"/>
  <system-out/>
  <testcase name="verifyExistingUserCanBeEdited" time="1.999" classname="KTCTC.regression.WebTablesTest2"/>
  <system-out/>
  <testcase name="verifyAllDetailsOfEditedUser" time="0.512" classname="KTCTC.regression.WebTablesTest2"/>
  <system-out/>
  <testcase name="verifyExistingUserCanBeDeleted" time="10.673" classname="KTCTC.regression.WebTablesTest2"/>
  <system-out/>
</testsuite> <!-- KTCTC.regression.WebTablesTest2 -->
