<?xml version="1.0" encoding="UTF-8"?>
<!-- Generated by org.testng.reporters.JUnitReportReporter -->
<testsuite skipped="0" hostname="DESKTOP-V4DK160" name="selnium.MyFirstMavenProject.AssertsInTestNG.CCTest" tests="2" failures="0" timestamp="2022-03-04T17:03:18 IST" time="0.004" errors="0">
  <testcase name="sampleMethod" time="0.003" classname="selnium.MyFirstMavenProject.AssertsInTestNG.CCTest"/>
  <system-out/>
  <testcase name="sampleMethod2" time="0.001" classname="selnium.MyFirstMavenProject.AssertsInTestNG.CCTest"/>
  <system-out/>
</testsuite> <!-- selnium.MyFirstMavenProject.AssertsInTestNG.CCTest -->
