<?xml version="1.0" encoding="UTF-8"?>
<!-- Generated by org.testng.reporters.JUnitReportReporter -->
<testsuite skipped="1" hostname="DESKTOP-V4DK160" name="KTCTC.regression.StudentRegistrationFormTest" tests="2" failures="0" timestamp="2022-03-23T10:54:31 IST" time="0.621" errors="0">
  <testcase name="verifyNewStudentsInformationCanBeFilledOnRegForm" time="0.044" classname="KTCTC.regression.StudentRegistrationFormTest">
    <skipped/>
  </testcase> <!-- verifyNewStudentsInformationCanBeFilledOnRegForm -->
  <system-out/>
  <testcase name="verifyUserCanNavigateToStudentsRegFormPage" time="0.577" classname="KTCTC.regression.StudentRegistrationFormTest"/>
  <system-out/>
</testsuite> <!-- KTCTC.regression.StudentRegistrationFormTest -->
