<?xml version="1.0" encoding="UTF-8"?>
<!-- Generated by org.testng.reporters.JUnitReportReporter -->
<testsuite skipped="0" hostname="DESKTOP-V4DK160" name="KTCTC.RR" tests="2" failures="0" timestamp="2022-03-04T17:03:18 IST" time="0.012" errors="0">
  <testcase name="sampleMethod1" time="0.008" classname="KTCTC.RR"/>
  <system-out/>
  <testcase name="sampleMethod2" time="0.004" classname="KTCTC.RR"/>
  <system-out/>
</testsuite> <!-- KTCTC.RR -->
