<?xml version="1.0" encoding="UTF-8"?>
<!-- Generated by org.testng.reporters.JUnitReportReporter -->
<testsuite skipped="0" hostname="DESKTOP-V4DK160" name="KTCTC.regression.TextBoxTest" tests="3" failures="0" timestamp="2022-03-21T00:25:45 IST" time="1.580" errors="0">
  <testcase name="verifyUserCanNavigateToTextBoxPage" time="0.260" classname="KTCTC.regression.TextBoxTest"/>
  <system-out/>
  <testcase name="verifyNewUserDetailsCanBeAddedOnTextBoxPage" time="1.157" classname="KTCTC.regression.TextBoxTest"/>
  <system-out/>
  <testcase name="verifyAllDetailsOfNewlyAddedUser" time="0.163" classname="KTCTC.regression.TextBoxTest"/>
  <system-out/>
</testsuite> <!-- KTCTC.regression.TextBoxTest -->
