<?xml version="1.0" encoding="UTF-8"?>
<!-- Generated by org.testng.reporters.JUnitReportReporter -->
<testsuite skipped="0" hostname="DESKTOP-V4DK160" name="selnium.MyFirstMavenProject.AssertsInTestNG.PrioritiesInTestNG" tests="4" failures="0" timestamp="2022-03-04T17:03:18 IST" time="0.014" errors="0">
  <testcase name="D" time="0.009" classname="selnium.MyFirstMavenProject.AssertsInTestNG.PrioritiesInTestNG"/>
  <system-out/>
  <testcase name="B" time="0.003" classname="selnium.MyFirstMavenProject.AssertsInTestNG.PrioritiesInTestNG"/>
  <system-out/>
  <testcase name="C" time="0.001" classname="selnium.MyFirstMavenProject.AssertsInTestNG.PrioritiesInTestNG"/>
  <system-out/>
  <testcase name="A" time="0.001" classname="selnium.MyFirstMavenProject.AssertsInTestNG.PrioritiesInTestNG"/>
  <system-out/>
</testsuite> <!-- selnium.MyFirstMavenProject.AssertsInTestNG.PrioritiesInTestNG -->
