<?xml version="1.0" encoding="UTF-8"?>
<!-- Generated by org.testng.reporters.JUnitReportReporter -->
<testsuite skipped="0" hostname="DESKTOP-V4DK160" name="KTCTC.regression.AlertsTest" tests="2" failures="0" timestamp="2022-03-23T15:56:17 IST" time="8.467" errors="0">
  <testcase name="verifyUserCanNavigateToAlertsPage" time="2.019" classname="KTCTC.regression.AlertsTest"/>
  <system-out/>
  <testcase name="verifyUserCanClickOnAlertButton" time="6.448" classname="KTCTC.regression.AlertsTest"/>
  <system-out/>
</testsuite> <!-- KTCTC.regression.AlertsTest -->
